<?xml version="1.0" encoding="UTF-8"?>
<testsuite name="ChattyBotTest" tests="1" skipped="0" failures="0" errors="0" timestamp="2020-06-05T05:47:30" hostname="Admin" time="0.364">
  <properties/>
  <testcase name="start" classname="ChattyBotTest" time="0.364"/>
  <system-out><![CDATA[?[1;31m
Start test 1?[0m
Hello! My name is Bharat.
I was created in 2020.
]]></system-out>
  <system-err><![CDATA[]]></system-err>
</testsuite>
